11:28:43.933 11532 [JavaFX Application Thread]  main.Main - Start Easyfunc
11:28:49.670 17269 [JavaFX Application Thread]  controller.SearchController - QUERY:how to insert element into list
11:30:30.506 118105 [Thread-4]  controller.SearchController - TIME TO SEARCH:100810
11:30:41.211 128810 [Thread-4]  controller.SearchController - NUMBER RESULT: 176
11:32:16.798 224397 [JavaFX Application Thread]  controller.SearchController - QUERY:how to insert element into list
11:32:28.716 236315 [Thread-5]  controller.SearchController - TIME TO SEARCH:11918
11:32:28.716 236315 [Thread-5]  controller.SearchController - NUMBER RESULT: 176
11:36:51.551 1393 [JavaFX Application Thread]  main.Main - Start Easyfunc
11:36:57.043 6885 [JavaFX Application Thread]  controller.SearchController - QUERY:how to insert element into list
11:37:01.656 11498 [Thread-4]  controller.SearchController - TIME TO SEARCH:4607
11:37:01.656 11498 [Thread-4]  controller.SearchController - NUMBER RESULT: 176
11:39:20.454 150296 [JavaFX Application Thread]  controller.SearchController - QUERY:how to insert element into list
11:39:23.313 153155 [Thread-5]  controller.SearchController - TIME TO SEARCH:2859
11:39:23.313 153155 [Thread-5]  controller.SearchController - NUMBER RESULT: 176
11:43:01.773 371615 [JavaFX Application Thread]  controller.SearchController - QUERY:how to insert element into list
11:43:04.007 373849 [Thread-6]  controller.SearchController - TIME TO SEARCH:2233
11:43:04.007 373849 [Thread-6]  controller.SearchController - NUMBER RESULT: 176
11:46:01.672 8587 [JavaFX Application Thread]  main.Main - Start Easyfunc
11:46:04.879 11794 [JavaFX Application Thread]  controller.SearchController - QUERY:how to insert element into list
11:46:29.809 36724 [Thread-4]  controller.SearchController - TIME TO SEARCH:24915
11:46:29.809 36724 [Thread-4]  controller.SearchController - NUMBER RESULT: 176
11:46:42.773 49688 [JavaFX Application Thread]  controller.SearchController - QUERY:how to insert element into list
12:00:00.789 847704 [Thread-5]  controller.SearchController - TIME TO SEARCH:798015
12:00:00.790 847705 [Thread-5]  controller.SearchController - NUMBER RESULT: 176
14:20:15.357 2316 [JavaFX Application Thread]  main.Main - Start Easyfunc
14:20:21.605 8564 [JavaFX Application Thread]  controller.SearchController - USER: FROM: Normal program
14:20:21.605 8564 [JavaFX Application Thread]  controller.SearchController - QUERY:how to insert element into list
14:20:35.149 22108 [Thread-4]  controller.SearchController - TIME TO SEARCH:13533
14:20:35.149 22108 [Thread-4]  controller.SearchController - NUMBER RESULT: 176
14:20:38.165 25124 [JavaFX Application Thread]  controller.SearchController - Related result:void add(E e):java.util.ListIterator is index=0
14:39:38.301 3033 [JavaFX Application Thread]  main.Main - Start Easyfunc
16:04:48.474 1877 [JavaFX Application Thread]  main.Main - Start Easyfunc
16:21:02.351 1439 [JavaFX Application Thread]  main.Main - Start Easyfunc
16:26:37.995 11588 [JavaFX Application Thread]  main.Main - Start Easyfunc
17:35:51.287 1404 [JavaFX Application Thread]  main.Main - Start Easyfunc
17:39:02.925 1420 [JavaFX Application Thread]  main.Main - Start Easyfunc
22:47:26.645 6465 [JavaFX Application Thread]  main.Main - Start Easyfunc
07:30:00.718 2223 [JavaFX Application Thread]  main.Main - Start Easyfunc
07:30:17.434 18939 [JavaFX Application Thread]  controller.SearchController - USER: FROM: Normal program
07:30:17.434 18939 [JavaFX Application Thread]  controller.SearchController - QUERY:how to delete element from list
07:30:30.362 31867 [Thread-4]  controller.SearchController - TIME TO SEARCH:12834
07:30:30.362 31867 [Thread-4]  controller.SearchController - NUMBER RESULT: 211
08:34:44.828 1683 [JavaFX Application Thread]  main.Main - Start Easyfunc
08:34:48.226 5081 [JavaFX Application Thread]  controller.SearchController - USER: FROM: Normal program
08:34:48.226 5081 [JavaFX Application Thread]  controller.SearchController - QUERY:how to insert element into list
08:34:55.983 12838 [Thread-4]  controller.SearchController - TIME TO SEARCH:7746
08:34:55.983 12838 [Thread-4]  controller.SearchController - NUMBER RESULT: 176
08:34:57.859 14714 [JavaFX Application Thread]  controller.SearchController - Related result:void add(E e):java.util.ListIterator is index=0
10:00:17.045 4803 [JavaFX Application Thread]  main.Main - Start Easyfunc
10:06:14.279 362037 [JavaFX Application Thread]  controller.SearchController - USER: FROM: Normal program
10:06:14.279 362037 [JavaFX Application Thread]  controller.SearchController - QUERY:how to delete element from list
10:07:55.985 1393 [JavaFX Application Thread]  main.Main - Start Easyfunc
10:07:58.650 4058 [JavaFX Application Thread]  controller.SearchController - USER: FROM: Normal program
10:07:58.652 4060 [JavaFX Application Thread]  controller.SearchController - QUERY:how to insert element into list
10:08:10.786 16194 [Thread-4]  controller.SearchController - TIME TO SEARCH:12130
10:08:10.786 16194 [Thread-4]  controller.SearchController - NUMBER RESULT: 176
10:09:31.575 96983 [JavaFX Application Thread]  controller.SearchController - Related result:void add(E e):java.util.ListIterator is index=0
10:10:56.950 182358 [JavaFX Application Thread]  controller.FullDescriptionTab - RIGHT solution
10:10:59.027 184435 [JavaFX Application Thread]  controller.SearchController - Related result:public void add(int index, E element):java.util.ArrayList is index=1
10:11:00.548 185956 [JavaFX Application Thread]  controller.SearchController - Related result:public void add(int index, E element):java.util.LinkedList is index=2
10:11:43.043 228451 [JavaFX Application Thread]  controller.FullDescriptionTab - RIGHT solution
10:11:52.588 237996 [JavaFX Application Thread]  controller.FullDescriptionTab - UNDERFINE solution
10:12:44.623 290031 [JavaFX Application Thread]  controller.SearchController - USER: FROM: Honor program
10:12:44.623 290031 [JavaFX Application Thread]  controller.SearchController - QUERY:how to delete element into list
10:12:49.733 295141 [Thread-5]  controller.SearchController - TIME TO SEARCH:5109
10:12:49.733 295141 [Thread-5]  controller.SearchController - NUMBER RESULT: 202
10:15:07.178 432586 [JavaFX Application Thread]  controller.SearchController - USER: FROM: Honor program
10:15:07.178 432586 [JavaFX Application Thread]  controller.SearchController - QUERY:how to add element into map
10:15:10.357 435765 [Thread-6]  controller.SearchController - TIME TO SEARCH:3179
10:15:10.357 435765 [Thread-6]  controller.SearchController - NUMBER RESULT: 114
10:15:43.720 469128 [JavaFX Application Thread]  controller.SearchController - Related result:public void putAll(Map<? extends String,? extends Object> toMerge):javax.script.SimpleBindings is index=12
10:17:25.322 570730 [JavaFX Application Thread]  controller.SearchController - USER:finds a FROM: Honor program
10:17:25.322 570730 [JavaFX Application Thread]  controller.SearchController - QUERY:how to find a shortest path
10:18:29.831 1336 [JavaFX Application Thread]  main.Main - Start Easyfunc
10:18:57.482 28987 [JavaFX Application Thread]  controller.SearchController - USER: FROM: Normal program
10:18:57.482 28987 [JavaFX Application Thread]  controller.SearchController - QUERY:how to create a button on a form
10:19:03.475 34980 [Thread-4]  controller.SearchController - TIME TO SEARCH:5988
10:19:03.475 34980 [Thread-4]  controller.SearchController - NUMBER RESULT: 111
10:19:39.672 71177 [JavaFX Application Thread]  controller.SearchController - USER: FROM: Normal program
10:19:39.672 71177 [JavaFX Application Thread]  controller.SearchController - QUERY:how to change a font 
10:19:44.081 75586 [Thread-5]  controller.SearchController - TIME TO SEARCH:4408
10:19:44.081 75586 [Thread-5]  controller.SearchController - NUMBER RESULT: 82
10:21:09.295 160800 [JavaFX Application Thread]  controller.SearchController - USER: FROM: Normal program
10:21:09.295 160800 [JavaFX Application Thread]  controller.SearchController - QUERY:how to create a new font 
10:21:11.186 162691 [Thread-6]  controller.SearchController - TIME TO SEARCH:1891
10:21:11.186 162691 [Thread-6]  controller.SearchController - NUMBER RESULT: 53
10:21:42.781 194286 [JavaFX Application Thread]  controller.SearchController - USER: FROM: Normal program
10:21:42.781 194286 [JavaFX Application Thread]  controller.SearchController - QUERY:font
10:21:43.416 194921 [Thread-7]  controller.SearchController - TIME TO SEARCH:634
10:21:43.416 194921 [Thread-7]  controller.SearchController - NUMBER RESULT: 0
10:21:53.731 205236 [JavaFX Application Thread]  controller.SearchController - USER: FROM: Normal program
10:21:53.731 205236 [JavaFX Application Thread]  controller.SearchController - QUERY:creates font
10:21:58.906 210411 [Thread-8]  controller.SearchController - TIME TO SEARCH:5175
10:21:58.906 210411 [Thread-8]  controller.SearchController - NUMBER RESULT: 193
10:22:34.353 245858 [JavaFX Application Thread]  controller.SearchController - Related result:public Font(Map<? extends AttributedCharacterIterator.Attribute,?> attributes):java.awt.Font is index=47
10:23:09.404 280909 [JavaFX Application Thread]  controller.FullDescriptionTab - RIGHT solution
10:23:22.874 294379 [JavaFX Application Thread]  controller.SearchController - USER: FROM: Normal program
10:23:22.874 294379 [JavaFX Application Thread]  controller.SearchController - QUERY:sets color
10:23:26.713 298218 [Thread-9]  controller.SearchController - TIME TO SEARCH:3838
10:23:26.713 298218 [Thread-9]  controller.SearchController - NUMBER RESULT: 214
10:23:51.119 322624 [JavaFX Application Thread]  controller.SearchController - USER: FROM: Normal program
10:23:51.119 322624 [JavaFX Application Thread]  controller.SearchController - QUERY:how to set a new color
10:23:53.725 325230 [Thread-10]  controller.SearchController - TIME TO SEARCH:2605
10:23:53.725 325230 [Thread-10]  controller.SearchController - NUMBER RESULT: 75
10:24:53.189 384694 [JavaFX Application Thread]  controller.SearchController - USER: FROM: Normal program
10:24:53.190 384695 [JavaFX Application Thread]  controller.SearchController - QUERY:how to change a color from white to red
10:25:00.351 391856 [Thread-11]  controller.SearchController - TIME TO SEARCH:7161
10:25:00.351 391856 [Thread-11]  controller.SearchController - NUMBER RESULT: 316
10:25:27.817 419322 [JavaFX Application Thread]  controller.SearchController - Related result:public Color getColor():javax.swing.JColorChooser is index=2
10:25:32.706 424211 [JavaFX Application Thread]  controller.FullDescriptionTab - RIGHT solution
10:26:13.129 464634 [JavaFX Application Thread]  controller.SearchController - USER: FROM: Normal program
10:26:13.129 464634 [JavaFX Application Thread]  controller.SearchController - QUERY:parses tree
10:26:15.977 467482 [Thread-12]  controller.SearchController - TIME TO SEARCH:2848
10:26:15.977 467482 [Thread-12]  controller.SearchController - NUMBER RESULT: 73
10:26:50.557 502062 [JavaFX Application Thread]  controller.SearchController - USER: FROM: Normal program
10:26:50.557 502062 [JavaFX Application Thread]  controller.SearchController - QUERY:how to parse tokens into a parsing tree
10:27:52.954 1332 [JavaFX Application Thread]  main.Main - Start Easyfunc
10:29:05.481 73859 [JavaFX Application Thread]  controller.SearchController - USER: FROM: Normal program
10:29:05.482 73860 [JavaFX Application Thread]  controller.SearchController - QUERY:sorts all element in a list
10:29:13.571 81949 [Thread-4]  controller.SearchController - TIME TO SEARCH:8083
10:29:13.571 81949 [Thread-4]  controller.SearchController - NUMBER RESULT: 318
10:29:32.464 100842 [JavaFX Application Thread]  controller.SearchController - USER: FROM: Normal program
10:29:32.464 100842 [JavaFX Application Thread]  controller.SearchController - QUERY:how to sort all elements in a list
10:29:37.770 106148 [Thread-5]  controller.SearchController - TIME TO SEARCH:5306
10:29:37.770 106148 [Thread-5]  controller.SearchController - NUMBER RESULT: 318
10:29:58.279 126657 [JavaFX Application Thread]  controller.SearchController - USER: FROM: Normal program
10:29:58.279 126657 [JavaFX Application Thread]  controller.SearchController - QUERY:Sorts all elements in a list
10:30:02.513 130891 [Thread-6]  controller.SearchController - TIME TO SEARCH:4233
10:30:02.513 130891 [Thread-6]  controller.SearchController - NUMBER RESULT: 318
10:30:10.014 138392 [JavaFX Application Thread]  controller.SearchController - USER: FROM: Normal program
10:30:10.014 138392 [JavaFX Application Thread]  controller.SearchController - QUERY:Sorting all elements in a list
10:30:14.138 142516 [Thread-7]  controller.SearchController - TIME TO SEARCH:4123
10:30:14.138 142516 [Thread-7]  controller.SearchController - NUMBER RESULT: 318
10:31:46.396 234774 [JavaFX Application Thread]  controller.SearchController - USER: FROM: Normal program
10:31:46.396 234774 [JavaFX Application Thread]  controller.SearchController - QUERY:Sort all elements in a list
10:31:50.451 238829 [Thread-8]  controller.SearchController - TIME TO SEARCH:4055
10:31:50.451 238829 [Thread-8]  controller.SearchController - NUMBER RESULT: 318
10:33:59.190 367568 [JavaFX Application Thread]  controller.SearchController - Related result:public static <T> void sort(List<T> list, Comparator<? super T> c):java.util.Collections is index=0
10:34:14.447 382825 [JavaFX Application Thread]  controller.FullDescriptionTab - RIGHT solution
10:35:20.835 449213 [JavaFX Application Thread]  controller.SearchController - USER: FROM: Normal program
10:35:20.835 449213 [JavaFX Application Thread]  controller.SearchController - QUERY:sort
10:35:21.550 449928 [Thread-9]  controller.SearchController - TIME TO SEARCH:714
10:35:21.550 449928 [Thread-9]  controller.SearchController - NUMBER RESULT: 0
14:19:28.202 3378 [JavaFX Application Thread] main.Main - Start Easyfunc
14:19:43.722 18898 [JavaFX Application Thread] controller.SearchController - USER: FROM: Normal program
14:19:43.722 18898 [JavaFX Application Thread] controller.SearchController - QUERY:find a shortest path
14:19:59.198 34374 [Thread-4] controller.SearchController - TIME TO SEARCH:15436
14:19:59.198 34374 [Thread-4] controller.SearchController - NUMBER RESULT: 145
14:20:46.247 81423 [JavaFX Application Thread] controller.SearchController - USER: FROM: Normal program
14:20:46.247 81423 [JavaFX Application Thread] controller.SearchController - QUERY:how to find a shortest path
14:48:44.224 1350 [JavaFX Application Thread] main.Main - Start Easyfunc
14:49:00.438 17564 [JavaFX Application Thread] controller.SearchController - USER: FROM: Normal program
14:49:00.438 17564 [JavaFX Application Thread] controller.SearchController - QUERY:how to find the shortest path
14:50:12.215 1410 [JavaFX Application Thread] main.Main - Start Easyfunc
14:50:21.305 10500 [JavaFX Application Thread] controller.SearchController - USER: FROM: Normal program
14:50:21.305 10500 [JavaFX Application Thread] controller.SearchController - QUERY:how to find the shortest path
14:52:26.861 1445 [JavaFX Application Thread] main.Main - Start Easyfunc
14:52:29.846 4430 [JavaFX Application Thread] controller.SearchController - USER: FROM: Normal program
14:52:29.846 4430 [JavaFX Application Thread] controller.SearchController - QUERY:how to insert element into list
14:52:39.736 14320 [Thread-4] controller.SearchController - TIME TO SEARCH:9885
14:52:39.736 14320 [Thread-4] controller.SearchController - NUMBER RESULT: 176
14:52:56.259 30843 [JavaFX Application Thread] controller.SearchController - USER: FROM: Normal program
14:52:56.259 30843 [JavaFX Application Thread] controller.SearchController - QUERY:how to find the shortest path
14:57:09.973 1427 [JavaFX Application Thread] main.Main - Start Easyfunc
14:57:20.267 11721 [JavaFX Application Thread] controller.SearchController - USER: FROM: Normal program
14:57:20.268 11722 [JavaFX Application Thread] controller.SearchController - QUERY:how to find the shortest path
14:59:47.154 1425 [JavaFX Application Thread] main.Main - Start Easyfunc
14:59:54.939 9210 [JavaFX Application Thread] controller.SearchController - USER: FROM: Normal program
14:59:54.940 9211 [JavaFX Application Thread] controller.SearchController - QUERY:how to find the shortest path
15:02:59.720 1388 [JavaFX Application Thread] main.Main - Start Easyfunc
15:03:05.084 6752 [JavaFX Application Thread] controller.SearchController - USER: FROM: Normal program
15:03:05.085 6753 [JavaFX Application Thread] controller.SearchController - QUERY:how to find the shortest path
15:06:31.195 1390 [JavaFX Application Thread] main.Main - Start Easyfunc
15:06:36.380 6575 [JavaFX Application Thread] controller.SearchController - USER: FROM: Normal program
15:06:36.381 6576 [JavaFX Application Thread] controller.SearchController - QUERY:how to find the shortest path
15:07:14.059 1424 [JavaFX Application Thread] main.Main - Start Easyfunc
15:07:20.851 8216 [JavaFX Application Thread] controller.SearchController - USER: FROM: Normal program
15:07:20.851 8216 [JavaFX Application Thread] controller.SearchController - QUERY:how to find the shortest path
15:13:39.106 1384 [JavaFX Application Thread] main.Main - Start Easyfunc
15:13:43.403 5681 [JavaFX Application Thread] controller.SearchController - USER: FROM: Normal program
15:13:43.404 5682 [JavaFX Application Thread] controller.SearchController - QUERY:how to find the shortest path
15:16:02.363 1371 [JavaFX Application Thread] main.Main - Start Easyfunc
15:16:08.581 7589 [JavaFX Application Thread] controller.SearchController - USER: FROM: Normal program
15:16:08.581 7589 [JavaFX Application Thread] controller.SearchController - QUERY:how to find the shortest path
15:24:51.755 1492 [JavaFX Application Thread] main.Main - Start Easyfunc
15:25:02.673 12410 [JavaFX Application Thread] controller.SearchController - USER: FROM: Normal program
15:25:02.673 12410 [JavaFX Application Thread] controller.SearchController - QUERY:how to find the shortest path
15:25:08.524 18261 [Thread-4] controller.SearchController - TIME TO SEARCH:5846
15:25:08.524 18261 [Thread-4] controller.SearchController - NUMBER RESULT: 125
15:26:28.517 98254 [JavaFX Application Thread] controller.SearchController - USER: FROM: Normal program
15:26:28.518 98255 [JavaFX Application Thread] controller.SearchController - QUERY:how to put element into map
15:26:34.141 103878 [Thread-5] controller.SearchController - TIME TO SEARCH:5623
15:26:34.142 103879 [Thread-5] controller.SearchController - NUMBER RESULT: 133
15:27:11.612 141349 [JavaFX Application Thread] controller.SearchController - USER: FROM: Normal program
15:27:11.612 141349 [JavaFX Application Thread] controller.SearchController - QUERY:how to add element into map
15:27:15.251 144988 [Thread-6] controller.SearchController - TIME TO SEARCH:3638
15:27:15.251 144988 [Thread-6] controller.SearchController - NUMBER RESULT: 114
15:28:21.681 211418 [JavaFX Application Thread] controller.SearchController - USER: FROM: Normal program
15:28:21.681 211418 [JavaFX Application Thread] controller.SearchController - QUERY:add element into map
15:28:24.436 214173 [Thread-7] controller.SearchController - TIME TO SEARCH:2754
15:28:24.436 214173 [Thread-7] controller.SearchController - NUMBER RESULT: 136
15:29:41.870 291607 [JavaFX Application Thread] controller.SearchController - USER: FROM: Normal program
15:29:41.870 291607 [JavaFX Application Thread] controller.SearchController - QUERY:add element  map
15:29:44.905 294642 [Thread-8] controller.SearchController - TIME TO SEARCH:3034
15:29:44.905 294642 [Thread-8] controller.SearchController - NUMBER RESULT: 136
17:06:05.268 6075005 [JavaFX Application Thread] controller.SearchController - USER: FROM: Normal program
17:06:05.330 6075067 [JavaFX Application Thread] controller.SearchController - QUERY:convert string to int
17:06:37.917 6107654 [Thread-9] controller.SearchController - TIME TO SEARCH:32438
17:06:37.917 6107654 [Thread-9] controller.SearchController - NUMBER RESULT: 283
17:06:52.778 6122515 [JavaFX Application Thread] controller.SearchController - Related result:public static int parseInt(String lexicalXSDInt):javax.xml.bind.DatatypeConverter is index=24
17:07:23.938 6153675 [JavaFX Application Thread] controller.SearchController - USER: FROM: Normal program
17:07:23.938 6153675 [JavaFX Application Thread] controller.SearchController - QUERY:how to find a shortest path
17:07:31.945 6161682 [Thread-10] controller.SearchController - TIME TO SEARCH:8006
17:07:31.945 6161682 [Thread-10] controller.SearchController - NUMBER RESULT: 125
17:07:34.778 6164515 [JavaFX Application Thread] controller.FullDescriptionTab - RIGHT solution
17:13:57.980 6547717 [JavaFX Application Thread] controller.SearchController - USER: FROM: Normal program
17:13:57.981 6547718 [JavaFX Application Thread] controller.SearchController - QUERY:how to get a directory
17:14:02.949 6552686 [Thread-11] controller.SearchController - TIME TO SEARCH:4968
17:14:02.949 6552686 [Thread-11] controller.SearchController - NUMBER RESULT: 137
17:14:05.567 6555304 [JavaFX Application Thread] controller.SearchController - USER: FROM: Normal program
17:14:05.567 6555304 [JavaFX Application Thread] controller.SearchController - QUERY:how to get a directory name
17:14:11.762 6561499 [Thread-12] controller.SearchController - TIME TO SEARCH:6194
17:14:11.762 6561499 [Thread-12] controller.SearchController - NUMBER RESULT: 210
17:14:38.335 6588072 [JavaFX Application Thread] controller.SearchController - Related result:public String getName():java.io.File is index=15
17:14:46.064 6595801 [JavaFX Application Thread] controller.FullDescriptionTab - RIGHT solution
17:14:50.986 6600723 [JavaFX Application Thread] controller.SearchController - USER: FROM: Normal program
17:14:50.986 6600723 [JavaFX Application Thread] controller.SearchController - QUERY:how to get a file name
17:14:55.326 6605063 [Thread-13] controller.SearchController - TIME TO SEARCH:4339
17:14:55.326 6605063 [Thread-13] controller.SearchController - NUMBER RESULT: 155
17:15:08.142 6617879 [JavaFX Application Thread] controller.SearchController - Related result:Iterable<? extends JavaFileObject> getJavaFileObjectsFromStrings(Iterable<String> names):javax.tools.StandardJavaFileManager is index=1
17:15:11.399 6621136 [JavaFX Application Thread] controller.FullDescriptionTab - RIGHT solution
17:15:52.296 6662033 [JavaFX Application Thread] controller.SearchController - USER: FROM: Normal program
17:15:52.296 6662033 [JavaFX Application Thread] controller.SearchController - QUERY:make upper text
17:15:58.375 6668112 [Thread-14] controller.SearchController - TIME TO SEARCH:6077
17:15:58.375 6668112 [Thread-14] controller.SearchController - NUMBER RESULT: 92
17:16:24.353 6694090 [JavaFX Application Thread] controller.SearchController - USER: FROM: Normal program
17:16:24.354 6694091 [JavaFX Application Thread] controller.SearchController - QUERY:make uppercase text
17:16:26.473 6696210 [Thread-15] controller.SearchController - TIME TO SEARCH:2119
17:16:26.473 6696210 [Thread-15] controller.SearchController - NUMBER RESULT: 82
17:16:45.404 6715141 [JavaFX Application Thread] controller.SearchController - USER: FROM: Normal program
17:16:45.404 6715141 [JavaFX Application Thread] controller.SearchController - QUERY:make uppercase string
17:16:50.366 6720103 [Thread-16] controller.SearchController - TIME TO SEARCH:4961
17:16:50.366 6720103 [Thread-16] controller.SearchController - NUMBER RESULT: 148
17:16:59.906 6729643 [JavaFX Application Thread] controller.SearchController - USER: FROM: Normal program
17:16:59.906 6729643 [JavaFX Application Thread] controller.SearchController - QUERY:make upper-case string
17:17:36.145 3020 [JavaFX Application Thread] main.Main - Start Easyfunc
17:17:59.660 26535 [JavaFX Application Thread] controller.SearchController - USER: FROM: Normal program
17:17:59.660 26535 [JavaFX Application Thread] controller.SearchController - QUERY:lowercase string
17:18:14.043 40918 [Thread-4] controller.SearchController - TIME TO SEARCH:14303
17:18:14.043 40918 [Thread-4] controller.SearchController - NUMBER RESULT: 325
17:19:02.461 89336 [JavaFX Application Thread] controller.SearchController - USER: FROM: Normal program
17:19:02.461 89336 [JavaFX Application Thread] controller.SearchController - QUERY:create a big number
17:19:10.461 97336 [Thread-5] controller.SearchController - TIME TO SEARCH:7999
17:19:10.461 97336 [Thread-5] controller.SearchController - NUMBER RESULT: 135
17:19:51.755 138630 [JavaFX Application Thread] controller.SearchController - USER: FROM: Normal program
17:19:51.755 138630 [JavaFX Application Thread] controller.SearchController - QUERY:create a big integer number
17:19:54.959 141834 [Thread-6] controller.SearchController - TIME TO SEARCH:3203
17:19:54.959 141834 [Thread-6] controller.SearchController - NUMBER RESULT: 77
17:20:09.979 156854 [JavaFX Application Thread] controller.SearchController - USER: FROM: Normal program
17:20:09.980 156855 [JavaFX Application Thread] controller.SearchController - QUERY:create a big integer 
17:20:14.584 161459 [Thread-7] controller.SearchController - TIME TO SEARCH:4604
17:20:14.584 161459 [Thread-7] controller.SearchController - NUMBER RESULT: 195
17:20:56.105 202980 [JavaFX Application Thread] controller.SearchController - Related result:public BigInteger(int bitLength, int certainty, Random rnd):java.math.BigInteger is index=21
17:22:09.934 276809 [JavaFX Application Thread] controller.SearchController - USER: FROM: Normal program
17:22:09.934 276809 [JavaFX Application Thread] controller.SearchController - QUERY:create a big integer number
17:22:12.080 278955 [Thread-8] controller.SearchController - TIME TO SEARCH:2145
17:22:12.080 278955 [Thread-8] controller.SearchController - NUMBER RESULT: 77
17:23:02.979 329854 [JavaFX Application Thread] controller.SearchController - USER: FROM: Normal program
17:23:02.980 329855 [JavaFX Application Thread] controller.SearchController - QUERY:create a random number
17:23:05.583 332458 [Thread-9] controller.SearchController - TIME TO SEARCH:2603
17:23:05.583 332458 [Thread-9] controller.SearchController - NUMBER RESULT: 103
17:23:22.733 349608 [JavaFX Application Thread] controller.SearchController - USER: FROM: Normal program
17:23:22.733 349608 [JavaFX Application Thread] controller.SearchController - QUERY:construct a random number
17:23:26.933 353808 [Thread-10] controller.SearchController - TIME TO SEARCH:4199
17:23:26.933 353808 [Thread-10] controller.SearchController - NUMBER RESULT: 77
17:24:01.165 388040 [JavaFX Application Thread] controller.SearchController - USER: FROM: Normal program
17:24:01.166 388041 [JavaFX Application Thread] controller.SearchController - QUERY:convert string to int
17:24:06.237 393112 [Thread-11] controller.SearchController - TIME TO SEARCH:5071
17:24:06.237 393112 [Thread-11] controller.SearchController - NUMBER RESULT: 283
17:24:13.121 399996 [JavaFX Application Thread] controller.SearchController - Related result:public static int parseInt(String lexicalXSDInt):javax.xml.bind.DatatypeConverter is index=24
17:24:15.812 402687 [JavaFX Application Thread] controller.FullDescriptionTab - UNDERFINE solution
17:24:50.135 437010 [JavaFX Application Thread] controller.SearchController - USER: FROM: Normal program
17:24:50.135 437010 [JavaFX Application Thread] controller.SearchController - QUERY:transform string to int
17:24:53.412 440287 [Thread-12] controller.SearchController - TIME TO SEARCH:3276
17:24:53.412 440287 [Thread-12] controller.SearchController - NUMBER RESULT: 159
17:26:47.080 553955 [JavaFX Application Thread] controller.SearchController - USER: FROM: Normal program
17:26:47.080 553955 [JavaFX Application Thread] controller.SearchController - QUERY:compres file
21:04:40.444 1452 [JavaFX Application Thread] main.Main - Start Easyfunc
21:04:44.799 5807 [JavaFX Application Thread] controller.SearchController - USER: FROM: Normal program
21:04:44.800 5808 [JavaFX Application Thread] controller.SearchController - QUERY:how to insert element into list
21:04:51.925 12933 [Thread-4] controller.SearchController - TIME TO SEARCH:7120
21:04:51.925 12933 [Thread-4] controller.SearchController - NUMBER RESULT: 176
